2022-04-27 21:20:02.377 [main] INFO  com.msb.Springboot03Application - Starting Springboot03Application using Java 1.8.0_121 on LAPTOP-IC11SPVO with PID 8168 (D:\idea2019\LianXi\SpringBoot\springboot03\target\classes started by dingguicong in D:\idea2019\LianXi\SpringBoot)
2022-04-27 21:20:02.382 [main] INFO  com.msb.Springboot03Application - No active profile set, falling back to 1 default profile: "default"
2022-04-27 21:20:03.157 [main] INFO  o.s.boot.web.embedded.tomcat.TomcatWebServer - Tomcat initialized with port(s): 8080 (http)
2022-04-27 21:20:03.167 [main] INFO  org.apache.coyote.http11.Http11NioProtocol - Initializing ProtocolHandler ["http-nio-8080"]
2022-04-27 21:20:03.167 [main] INFO  org.apache.catalina.core.StandardService - Starting service [Tomcat]
2022-04-27 21:20:03.167 [main] INFO  org.apache.catalina.core.StandardEngine - Starting Servlet engine: [Apache Tomcat/9.0.62]
2022-04-27 21:20:03.277 [main] INFO  o.a.c.c.C.[Tomcat].[localhost].[/springboot] - Initializing Spring embedded WebApplicationContext
2022-04-27 21:20:03.277 [main] INFO  o.s.b.w.s.c.ServletWebServerApplicationContext - Root WebApplicationContext: initialization completed in 860 ms
2022-04-27 21:20:03.647 [main] WARN  o.s.b.w.s.c.AnnotationConfigServletWebServerApplicationContext - Exception encountered during context initialization - cancelling refresh attempt: org.springframework.beans.factory.BeanCreationException: Error creating bean with name 'com.github.pagehelper.autoconfigure.PageHelperAutoConfiguration': Invocation of init method failed; nested exception is org.springframework.beans.factory.BeanCurrentlyInCreationException: Error creating bean with name 'com.github.pagehelper.autoconfigure.PageHelperAutoConfiguration': Requested bean is currently in creation: Is there an unresolvable circular reference?
2022-04-27 21:20:03.647 [main] INFO  org.apache.catalina.core.StandardService - Stopping service [Tomcat]
2022-04-27 21:20:03.657 [main] INFO  o.s.b.a.l.ConditionEvaluationReportLoggingListener - 

Error starting ApplicationContext. To display the conditions report re-run your application with 'debug' enabled.
2022-04-27 21:20:03.667 [main] ERROR o.s.b.diagnostics.LoggingFailureAnalysisReporter - 

***************************
APPLICATION FAILED TO START
***************************

Description:

The dependencies of some of the beans in the application context form a cycle:

┌──->──┐
|  com.github.pagehelper.autoconfigure.PageHelperAutoConfiguration
└──<-──┘


Action:

Relying upon circular references is discouraged and they are prohibited by default. Update your application to remove the dependency cycle between beans. As a last resort, it may be possible to break the cycle automatically by setting spring.main.allow-circular-references to true.

2022-04-27 21:25:20.516 [main] INFO  com.msb.Springboot03Application - Starting Springboot03Application using Java 1.8.0_121 on LAPTOP-IC11SPVO with PID 21004 (D:\idea2019\LianXi\SpringBoot\springboot03\target\classes started by dingguicong in D:\idea2019\LianXi\SpringBoot)
2022-04-27 21:25:20.516 [main] INFO  com.msb.Springboot03Application - No active profile set, falling back to 1 default profile: "default"
2022-04-27 21:25:21.199 [main] INFO  o.s.boot.web.embedded.tomcat.TomcatWebServer - Tomcat initialized with port(s): 8080 (http)
2022-04-27 21:25:21.199 [main] INFO  org.apache.coyote.http11.Http11NioProtocol - Initializing ProtocolHandler ["http-nio-8080"]
2022-04-27 21:25:21.199 [main] INFO  org.apache.catalina.core.StandardService - Starting service [Tomcat]
2022-04-27 21:25:21.199 [main] INFO  org.apache.catalina.core.StandardEngine - Starting Servlet engine: [Apache Tomcat/9.0.62]
2022-04-27 21:25:21.309 [main] INFO  o.a.c.c.C.[Tomcat].[localhost].[/springboot] - Initializing Spring embedded WebApplicationContext
2022-04-27 21:25:21.309 [main] INFO  o.s.b.w.s.c.ServletWebServerApplicationContext - Root WebApplicationContext: initialization completed in 762 ms
2022-04-27 21:25:21.647 [main] WARN  o.s.b.w.s.c.AnnotationConfigServletWebServerApplicationContext - Exception encountered during context initialization - cancelling refresh attempt: org.springframework.beans.factory.BeanCreationException: Error creating bean with name 'com.github.pagehelper.autoconfigure.PageHelperAutoConfiguration': Invocation of init method failed; nested exception is org.springframework.beans.factory.BeanCurrentlyInCreationException: Error creating bean with name 'com.github.pagehelper.autoconfigure.PageHelperAutoConfiguration': Requested bean is currently in creation: Is there an unresolvable circular reference?
2022-04-27 21:25:21.662 [main] INFO  org.apache.catalina.core.StandardService - Stopping service [Tomcat]
2022-04-27 21:25:21.662 [main] INFO  o.s.b.a.l.ConditionEvaluationReportLoggingListener - 

Error starting ApplicationContext. To display the conditions report re-run your application with 'debug' enabled.
2022-04-27 21:25:21.678 [main] ERROR o.s.b.diagnostics.LoggingFailureAnalysisReporter - 

***************************
APPLICATION FAILED TO START
***************************

Description:

The dependencies of some of the beans in the application context form a cycle:

┌──->──┐
|  com.github.pagehelper.autoconfigure.PageHelperAutoConfiguration
└──<-──┘


Action:

Relying upon circular references is discouraged and they are prohibited by default. Update your application to remove the dependency cycle between beans. As a last resort, it may be possible to break the cycle automatically by setting spring.main.allow-circular-references to true.

2022-04-27 21:27:59.514 [main] INFO  com.msb.Springboot03Application - Starting Springboot03Application using Java 1.8.0_121 on LAPTOP-IC11SPVO with PID 16924 (D:\idea2019\LianXi\SpringBoot\springboot03\target\classes started by dingguicong in D:\idea2019\LianXi\SpringBoot)
2022-04-27 21:27:59.514 [main] INFO  com.msb.Springboot03Application - No active profile set, falling back to 1 default profile: "default"
2022-04-27 21:28:00.220 [main] INFO  o.s.boot.web.embedded.tomcat.TomcatWebServer - Tomcat initialized with port(s): 8080 (http)
2022-04-27 21:28:00.220 [main] INFO  org.apache.coyote.http11.Http11NioProtocol - Initializing ProtocolHandler ["http-nio-8080"]
2022-04-27 21:28:00.220 [main] INFO  org.apache.catalina.core.StandardService - Starting service [Tomcat]
2022-04-27 21:28:00.220 [main] INFO  org.apache.catalina.core.StandardEngine - Starting Servlet engine: [Apache Tomcat/9.0.62]
2022-04-27 21:28:00.329 [main] INFO  o.a.c.c.C.[Tomcat].[localhost].[/springboot] - Initializing Spring embedded WebApplicationContext
2022-04-27 21:28:00.329 [main] INFO  o.s.b.w.s.c.ServletWebServerApplicationContext - Root WebApplicationContext: initialization completed in 784 ms
2022-04-27 21:28:00.709 [main] WARN  o.s.b.w.s.c.AnnotationConfigServletWebServerApplicationContext - Exception encountered during context initialization - cancelling refresh attempt: org.springframework.beans.factory.BeanCreationException: Error creating bean with name 'com.github.pagehelper.autoconfigure.PageHelperAutoConfiguration': Invocation of init method failed; nested exception is org.springframework.beans.factory.BeanCurrentlyInCreationException: Error creating bean with name 'com.github.pagehelper.autoconfigure.PageHelperAutoConfiguration': Requested bean is currently in creation: Is there an unresolvable circular reference?
2022-04-27 21:28:00.711 [main] INFO  org.apache.catalina.core.StandardService - Stopping service [Tomcat]
2022-04-27 21:28:00.712 [main] INFO  o.s.b.a.l.ConditionEvaluationReportLoggingListener - 

Error starting ApplicationContext. To display the conditions report re-run your application with 'debug' enabled.
2022-04-27 21:28:00.712 [main] ERROR o.s.b.diagnostics.LoggingFailureAnalysisReporter - 

***************************
APPLICATION FAILED TO START
***************************

Description:

The dependencies of some of the beans in the application context form a cycle:

┌──->──┐
|  com.github.pagehelper.autoconfigure.PageHelperAutoConfiguration
└──<-──┘


Action:

Relying upon circular references is discouraged and they are prohibited by default. Update your application to remove the dependency cycle between beans. As a last resort, it may be possible to break the cycle automatically by setting spring.main.allow-circular-references to true.

2022-04-27 21:29:56.001 [main] INFO  com.msb.Springboot03Application - Starting Springboot03Application using Java 1.8.0_121 on LAPTOP-IC11SPVO with PID 25280 (D:\idea2019\LianXi\SpringBoot\springboot03\target\classes started by dingguicong in D:\idea2019\LianXi\SpringBoot)
2022-04-27 21:29:56.001 [main] INFO  com.msb.Springboot03Application - No active profile set, falling back to 1 default profile: "default"
2022-04-27 21:29:56.715 [main] INFO  o.s.boot.web.embedded.tomcat.TomcatWebServer - Tomcat initialized with port(s): 8080 (http)
2022-04-27 21:29:56.731 [main] INFO  org.apache.coyote.http11.Http11NioProtocol - Initializing ProtocolHandler ["http-nio-8080"]
2022-04-27 21:29:56.731 [main] INFO  org.apache.catalina.core.StandardService - Starting service [Tomcat]
2022-04-27 21:29:56.731 [main] INFO  org.apache.catalina.core.StandardEngine - Starting Servlet engine: [Apache Tomcat/9.0.62]
2022-04-27 21:29:56.840 [main] INFO  o.a.c.c.C.[Tomcat].[localhost].[/springboot] - Initializing Spring embedded WebApplicationContext
2022-04-27 21:29:56.840 [main] INFO  o.s.b.w.s.c.ServletWebServerApplicationContext - Root WebApplicationContext: initialization completed in 797 ms
2022-04-27 21:29:57.189 [main] WARN  o.s.b.w.s.c.AnnotationConfigServletWebServerApplicationContext - Exception encountered during context initialization - cancelling refresh attempt: org.springframework.beans.factory.BeanCreationException: Error creating bean with name 'com.github.pagehelper.autoconfigure.PageHelperAutoConfiguration': Invocation of init method failed; nested exception is org.springframework.beans.factory.BeanCurrentlyInCreationException: Error creating bean with name 'com.github.pagehelper.autoconfigure.PageHelperAutoConfiguration': Requested bean is currently in creation: Is there an unresolvable circular reference?
2022-04-27 21:29:57.189 [main] INFO  org.apache.catalina.core.StandardService - Stopping service [Tomcat]
2022-04-27 21:29:57.189 [main] INFO  o.s.b.a.l.ConditionEvaluationReportLoggingListener - 

Error starting ApplicationContext. To display the conditions report re-run your application with 'debug' enabled.
2022-04-27 21:29:57.205 [main] ERROR o.s.b.diagnostics.LoggingFailureAnalysisReporter - 

***************************
APPLICATION FAILED TO START
***************************

Description:

The dependencies of some of the beans in the application context form a cycle:

┌──->──┐
|  com.github.pagehelper.autoconfigure.PageHelperAutoConfiguration
└──<-──┘


Action:

Relying upon circular references is discouraged and they are prohibited by default. Update your application to remove the dependency cycle between beans. As a last resort, it may be possible to break the cycle automatically by setting spring.main.allow-circular-references to true.

2022-04-27 21:31:50.078 [main] INFO  com.msb.Springboot03Application - Starting Springboot03Application using Java 1.8.0_121 on LAPTOP-IC11SPVO with PID 29876 (D:\idea2019\LianXi\SpringBoot\springboot03\target\classes started by dingguicong in D:\idea2019\LianXi\SpringBoot)
2022-04-27 21:31:50.094 [main] INFO  com.msb.Springboot03Application - No active profile set, falling back to 1 default profile: "default"
2022-04-27 21:31:50.795 [main] INFO  o.s.boot.web.embedded.tomcat.TomcatWebServer - Tomcat initialized with port(s): 8080 (http)
2022-04-27 21:31:50.795 [main] INFO  org.apache.coyote.http11.Http11NioProtocol - Initializing ProtocolHandler ["http-nio-8080"]
2022-04-27 21:31:50.795 [main] INFO  org.apache.catalina.core.StandardService - Starting service [Tomcat]
2022-04-27 21:31:50.795 [main] INFO  org.apache.catalina.core.StandardEngine - Starting Servlet engine: [Apache Tomcat/9.0.62]
2022-04-27 21:31:50.907 [main] INFO  o.a.c.c.C.[Tomcat].[localhost].[/springboot] - Initializing Spring embedded WebApplicationContext
2022-04-27 21:31:50.907 [main] INFO  o.s.b.w.s.c.ServletWebServerApplicationContext - Root WebApplicationContext: initialization completed in 797 ms
2022-04-27 21:31:51.241 [main] WARN  o.s.b.w.s.c.AnnotationConfigServletWebServerApplicationContext - Exception encountered during context initialization - cancelling refresh attempt: org.springframework.beans.factory.BeanCreationException: Error creating bean with name 'com.github.pagehelper.autoconfigure.PageHelperAutoConfiguration': Invocation of init method failed; nested exception is org.springframework.beans.factory.BeanCurrentlyInCreationException: Error creating bean with name 'com.github.pagehelper.autoconfigure.PageHelperAutoConfiguration': Requested bean is currently in creation: Is there an unresolvable circular reference?
2022-04-27 21:31:51.241 [main] INFO  org.apache.catalina.core.StandardService - Stopping service [Tomcat]
2022-04-27 21:31:51.241 [main] INFO  o.s.b.a.l.ConditionEvaluationReportLoggingListener - 

Error starting ApplicationContext. To display the conditions report re-run your application with 'debug' enabled.
2022-04-27 21:31:51.257 [main] ERROR o.s.b.diagnostics.LoggingFailureAnalysisReporter - 

***************************
APPLICATION FAILED TO START
***************************

Description:

The dependencies of some of the beans in the application context form a cycle:

┌──->──┐
|  com.github.pagehelper.autoconfigure.PageHelperAutoConfiguration
└──<-──┘


Action:

Relying upon circular references is discouraged and they are prohibited by default. Update your application to remove the dependency cycle between beans. As a last resort, it may be possible to break the cycle automatically by setting spring.main.allow-circular-references to true.

2022-04-27 21:33:01.735 [main] INFO  com.msb.Springboot03Application - Starting Springboot03Application using Java 1.8.0_121 on LAPTOP-IC11SPVO with PID 31156 (D:\idea2019\LianXi\SpringBoot\springboot03\target\classes started by dingguicong in D:\idea2019\LianXi\SpringBoot)
2022-04-27 21:33:01.735 [main] INFO  com.msb.Springboot03Application - No active profile set, falling back to 1 default profile: "default"
2022-04-27 21:33:02.415 [main] INFO  o.s.boot.web.embedded.tomcat.TomcatWebServer - Tomcat initialized with port(s): 8080 (http)
2022-04-27 21:33:02.415 [main] INFO  org.apache.coyote.http11.Http11NioProtocol - Initializing ProtocolHandler ["http-nio-8080"]
2022-04-27 21:33:02.415 [main] INFO  org.apache.catalina.core.StandardService - Starting service [Tomcat]
2022-04-27 21:33:02.415 [main] INFO  org.apache.catalina.core.StandardEngine - Starting Servlet engine: [Apache Tomcat/9.0.62]
2022-04-27 21:33:02.524 [main] INFO  o.a.c.c.C.[Tomcat].[localhost].[/springboot] - Initializing Spring embedded WebApplicationContext
2022-04-27 21:33:02.524 [main] INFO  o.s.b.w.s.c.ServletWebServerApplicationContext - Root WebApplicationContext: initialization completed in 760 ms
2022-04-27 21:33:02.935 [main] INFO  org.apache.coyote.http11.Http11NioProtocol - Starting ProtocolHandler ["http-nio-8080"]
2022-04-27 21:33:02.951 [main] INFO  o.s.boot.web.embedded.tomcat.TomcatWebServer - Tomcat started on port(s): 8080 (http) with context path '/springboot'
2022-04-27 21:33:02.966 [main] INFO  com.msb.Springboot03Application - Started Springboot03Application in 1.557 seconds (JVM running for 2.512)
2022-04-27 21:33:40.747 [http-nio-8080-exec-1] INFO  o.a.c.c.C.[Tomcat].[localhost].[/springboot] - Initializing Spring DispatcherServlet 'dispatcherServlet'
2022-04-27 21:33:40.747 [http-nio-8080-exec-1] INFO  org.springframework.web.servlet.DispatcherServlet - Initializing Servlet 'dispatcherServlet'
2022-04-27 21:33:40.748 [http-nio-8080-exec-1] INFO  org.springframework.web.servlet.DispatcherServlet - Completed initialization in 1 ms
2022-04-27 21:33:40.784 [http-nio-8080-exec-1] INFO  com.zaxxer.hikari.HikariDataSource - HikariPool-1 - Starting...
2022-04-27 21:33:41.073 [http-nio-8080-exec-1] INFO  com.zaxxer.hikari.HikariDataSource - HikariPool-1 - Start completed.
2022-04-27 21:33:41.078 [http-nio-8080-exec-1] DEBUG com.msb.mapper.UserMapper.findAll - ==>  Preparing: select * from user
2022-04-27 21:33:41.090 [http-nio-8080-exec-1] DEBUG com.msb.mapper.UserMapper.findAll - ==> Parameters: 
2022-04-27 21:33:41.098 [http-nio-8080-exec-1] DEBUG com.msb.mapper.UserMapper.findAll - <==      Total: 2
2022-04-27 21:34:13.152 [http-nio-8080-exec-8] DEBUG com.msb.mapper.EmpMapper.findAll_COUNT - ==>  Preparing: SELECT count(0) FROM emp
2022-04-27 21:34:13.153 [http-nio-8080-exec-8] DEBUG com.msb.mapper.EmpMapper.findAll_COUNT - ==> Parameters: 
2022-04-27 21:34:13.156 [http-nio-8080-exec-8] DEBUG com.msb.mapper.EmpMapper.findAll_COUNT - <==      Total: 1
2022-04-27 21:34:13.158 [http-nio-8080-exec-8] DEBUG com.msb.mapper.EmpMapper.findAll - ==>  Preparing: select * from emp LIMIT ?
2022-04-27 21:34:13.158 [http-nio-8080-exec-8] DEBUG com.msb.mapper.EmpMapper.findAll - ==> Parameters: 5(Integer)
2022-04-27 21:34:13.161 [http-nio-8080-exec-8] DEBUG com.msb.mapper.EmpMapper.findAll - <==      Total: 5
2022-04-27 21:34:27.537 [http-nio-8080-exec-4] DEBUG com.msb.mapper.EmpMapper.findAll_COUNT - ==>  Preparing: SELECT count(0) FROM emp
2022-04-27 21:34:27.537 [http-nio-8080-exec-4] DEBUG com.msb.mapper.EmpMapper.findAll_COUNT - ==> Parameters: 
2022-04-27 21:34:27.538 [http-nio-8080-exec-4] DEBUG com.msb.mapper.EmpMapper.findAll_COUNT - <==      Total: 1
2022-04-27 21:34:27.538 [http-nio-8080-exec-4] DEBUG com.msb.mapper.EmpMapper.findAll - ==>  Preparing: select * from emp LIMIT ?
2022-04-27 21:34:27.539 [http-nio-8080-exec-4] DEBUG com.msb.mapper.EmpMapper.findAll - ==> Parameters: 5(Integer)
2022-04-27 21:34:27.541 [http-nio-8080-exec-4] DEBUG com.msb.mapper.EmpMapper.findAll - <==      Total: 5
2022-04-27 21:35:17.539 [http-nio-8080-exec-9] DEBUG com.msb.mapper.EmpMapper.findAll_COUNT - ==>  Preparing: SELECT count(0) FROM emp
2022-04-27 21:35:17.540 [http-nio-8080-exec-9] DEBUG com.msb.mapper.EmpMapper.findAll_COUNT - ==> Parameters: 
2022-04-27 21:35:17.541 [http-nio-8080-exec-9] DEBUG com.msb.mapper.EmpMapper.findAll_COUNT - <==      Total: 1
2022-04-27 21:35:17.541 [http-nio-8080-exec-9] DEBUG com.msb.mapper.EmpMapper.findAll - ==>  Preparing: select * from emp LIMIT ?
2022-04-27 21:35:17.541 [http-nio-8080-exec-9] DEBUG com.msb.mapper.EmpMapper.findAll - ==> Parameters: 5(Integer)
2022-04-27 21:35:17.542 [http-nio-8080-exec-9] DEBUG com.msb.mapper.EmpMapper.findAll - <==      Total: 5
2022-04-27 21:54:36.144 [main] INFO  com.msb.Springboot03Application - Starting Springboot03Application using Java 1.8.0_121 on LAPTOP-IC11SPVO with PID 36804 (D:\idea2019\LianXi\SpringBoot\springboot03\target\classes started by dingguicong in D:\idea2019\LianXi\SpringBoot)
2022-04-27 21:54:36.146 [main] INFO  com.msb.Springboot03Application - No active profile set, falling back to 1 default profile: "default"
2022-04-27 21:54:36.881 [main] INFO  o.s.boot.web.embedded.tomcat.TomcatWebServer - Tomcat initialized with port(s): 8080 (http)
2022-04-27 21:54:36.887 [main] INFO  org.apache.coyote.http11.Http11NioProtocol - Initializing ProtocolHandler ["http-nio-8080"]
2022-04-27 21:54:36.887 [main] INFO  org.apache.catalina.core.StandardService - Starting service [Tomcat]
2022-04-27 21:54:36.887 [main] INFO  org.apache.catalina.core.StandardEngine - Starting Servlet engine: [Apache Tomcat/9.0.62]
2022-04-27 21:54:36.993 [main] INFO  o.a.c.c.C.[Tomcat].[localhost].[/springboot] - Initializing Spring embedded WebApplicationContext
2022-04-27 21:54:36.994 [main] INFO  o.s.b.w.s.c.ServletWebServerApplicationContext - Root WebApplicationContext: initialization completed in 821 ms
2022-04-27 21:54:37.068 [main] INFO  c.a.d.s.b.a.DruidDataSourceAutoConfigure - Init DruidDataSource
2022-04-27 21:54:37.148 [main] INFO  com.alibaba.druid.pool.DruidDataSource - {dataSource-1} inited
2022-04-27 21:54:37.502 [main] INFO  org.apache.coyote.http11.Http11NioProtocol - Starting ProtocolHandler ["http-nio-8080"]
2022-04-27 21:54:37.514 [main] INFO  o.s.boot.web.embedded.tomcat.TomcatWebServer - Tomcat started on port(s): 8080 (http) with context path '/springboot'
2022-04-27 21:54:37.521 [main] INFO  com.msb.Springboot03Application - Started Springboot03Application in 1.708 seconds (JVM running for 2.643)
2022-04-27 23:03:55.699 [main] INFO  com.msb.Springboot03Application - Starting Springboot03Application using Java 1.8.0_121 on LAPTOP-IC11SPVO with PID 38212 (D:\idea2019\LianXi\SpringBoot\springboot03\target\classes started by dingguicong in D:\idea2019\LianXi\SpringBoot)
2022-04-27 23:03:55.699 [main] INFO  com.msb.Springboot03Application - No active profile set, falling back to 1 default profile: "default"
2022-04-27 23:03:56.402 [main] INFO  o.s.boot.web.embedded.tomcat.TomcatWebServer - Tomcat initialized with port(s): 8080 (http)
2022-04-27 23:03:56.417 [main] INFO  org.apache.coyote.http11.Http11NioProtocol - Initializing ProtocolHandler ["http-nio-8080"]
2022-04-27 23:03:56.417 [main] INFO  org.apache.catalina.core.StandardService - Starting service [Tomcat]
2022-04-27 23:03:56.417 [main] INFO  org.apache.catalina.core.StandardEngine - Starting Servlet engine: [Apache Tomcat/9.0.62]
2022-04-27 23:03:56.527 [main] INFO  o.a.c.c.C.[Tomcat].[localhost].[/springboot] - Initializing Spring embedded WebApplicationContext
2022-04-27 23:03:56.527 [main] INFO  o.s.b.w.s.c.ServletWebServerApplicationContext - Root WebApplicationContext: initialization completed in 796 ms
2022-04-27 23:03:56.575 [main] INFO  c.a.d.s.b.a.DruidDataSourceAutoConfigure - Init DruidDataSource
2022-04-27 23:03:56.653 [main] INFO  com.alibaba.druid.pool.DruidDataSource - {dataSource-1} inited
2022-04-27 23:03:57.065 [main] INFO  org.apache.coyote.http11.Http11NioProtocol - Starting ProtocolHandler ["http-nio-8080"]
2022-04-27 23:03:57.081 [main] INFO  o.s.boot.web.embedded.tomcat.TomcatWebServer - Tomcat started on port(s): 8080 (http) with context path '/springboot'
2022-04-27 23:03:57.087 [main] INFO  com.msb.Springboot03Application - Started Springboot03Application in 1.718 seconds (JVM running for 2.694)
2022-04-27 23:05:10.624 [http-nio-8080-exec-2] INFO  o.a.c.c.C.[Tomcat].[localhost].[/springboot] - Initializing Spring DispatcherServlet 'dispatcherServlet'
2022-04-27 23:05:10.624 [http-nio-8080-exec-2] INFO  org.springframework.web.servlet.DispatcherServlet - Initializing Servlet 'dispatcherServlet'
2022-04-27 23:05:10.625 [http-nio-8080-exec-2] INFO  org.springframework.web.servlet.DispatcherServlet - Completed initialization in 1 ms
2022-04-27 23:22:53.233 [main] INFO  com.msb.Springboot03Application - Starting Springboot03Application using Java 1.8.0_121 on LAPTOP-IC11SPVO with PID 35996 (D:\idea2019\LianXi\SpringBoot\springboot03\target\classes started by dingguicong in D:\idea2019\LianXi\SpringBoot)
2022-04-27 23:22:53.235 [main] INFO  com.msb.Springboot03Application - No active profile set, falling back to 1 default profile: "default"
2022-04-27 23:22:53.966 [main] INFO  o.s.boot.web.embedded.tomcat.TomcatWebServer - Tomcat initialized with port(s): 8080 (http)
2022-04-27 23:22:53.972 [main] INFO  org.apache.coyote.http11.Http11NioProtocol - Initializing ProtocolHandler ["http-nio-8080"]
2022-04-27 23:22:53.973 [main] INFO  org.apache.catalina.core.StandardService - Starting service [Tomcat]
2022-04-27 23:22:53.973 [main] INFO  org.apache.catalina.core.StandardEngine - Starting Servlet engine: [Apache Tomcat/9.0.62]
2022-04-27 23:22:54.081 [main] INFO  o.a.c.c.C.[Tomcat].[localhost].[/springboot] - Initializing Spring embedded WebApplicationContext
2022-04-27 23:22:54.081 [main] INFO  o.s.b.w.s.c.ServletWebServerApplicationContext - Root WebApplicationContext: initialization completed in 819 ms
2022-04-27 23:22:54.146 [main] INFO  c.a.d.s.b.a.DruidDataSourceAutoConfigure - Init DruidDataSource
2022-04-27 23:22:54.229 [main] INFO  com.alibaba.druid.pool.DruidDataSource - {dataSource-1} inited
2022-04-27 23:22:54.635 [main] INFO  org.apache.coyote.http11.Http11NioProtocol - Starting ProtocolHandler ["http-nio-8080"]
2022-04-27 23:22:54.648 [main] INFO  o.s.boot.web.embedded.tomcat.TomcatWebServer - Tomcat started on port(s): 8080 (http) with context path '/springboot'
2022-04-27 23:22:54.655 [main] INFO  com.msb.Springboot03Application - Started Springboot03Application in 1.751 seconds (JVM running for 2.717)
2022-04-27 23:23:17.719 [http-nio-8080-exec-1] INFO  o.a.c.c.C.[Tomcat].[localhost].[/springboot] - Initializing Spring DispatcherServlet 'dispatcherServlet'
2022-04-27 23:23:17.720 [http-nio-8080-exec-1] INFO  org.springframework.web.servlet.DispatcherServlet - Initializing Servlet 'dispatcherServlet'
2022-04-27 23:23:17.720 [http-nio-8080-exec-1] INFO  org.springframework.web.servlet.DispatcherServlet - Completed initialization in 0 ms
2022-04-27 23:27:17.312 [main] INFO  com.msb.Springboot03Application - Starting Springboot03Application using Java 1.8.0_121 on LAPTOP-IC11SPVO with PID 37112 (D:\idea2019\LianXi\SpringBoot\springboot03\target\classes started by dingguicong in D:\idea2019\LianXi\SpringBoot)
2022-04-27 23:27:17.314 [main] INFO  com.msb.Springboot03Application - No active profile set, falling back to 1 default profile: "default"
2022-04-27 23:27:17.989 [main] INFO  o.s.boot.web.embedded.tomcat.TomcatWebServer - Tomcat initialized with port(s): 8080 (http)
2022-04-27 23:27:17.994 [main] INFO  org.apache.coyote.http11.Http11NioProtocol - Initializing ProtocolHandler ["http-nio-8080"]
2022-04-27 23:27:17.995 [main] INFO  org.apache.catalina.core.StandardService - Starting service [Tomcat]
2022-04-27 23:27:17.995 [main] INFO  org.apache.catalina.core.StandardEngine - Starting Servlet engine: [Apache Tomcat/9.0.62]
2022-04-27 23:27:18.105 [main] INFO  o.a.c.c.C.[Tomcat].[localhost].[/springboot] - Initializing Spring embedded WebApplicationContext
2022-04-27 23:27:18.105 [main] INFO  o.s.b.w.s.c.ServletWebServerApplicationContext - Root WebApplicationContext: initialization completed in 764 ms
2022-04-27 23:27:18.166 [main] INFO  c.a.d.s.b.a.DruidDataSourceAutoConfigure - Init DruidDataSource
2022-04-27 23:27:18.241 [main] INFO  com.alibaba.druid.pool.DruidDataSource - {dataSource-1} inited
2022-04-27 23:27:18.634 [main] INFO  org.apache.coyote.http11.Http11NioProtocol - Starting ProtocolHandler ["http-nio-8080"]
2022-04-27 23:27:18.646 [main] INFO  o.s.boot.web.embedded.tomcat.TomcatWebServer - Tomcat started on port(s): 8080 (http) with context path '/springboot'
2022-04-27 23:27:18.652 [main] INFO  com.msb.Springboot03Application - Started Springboot03Application in 1.674 seconds (JVM running for 2.598)
2022-04-27 23:27:45.025 [http-nio-8080-exec-1] INFO  o.a.c.c.C.[Tomcat].[localhost].[/springboot] - Initializing Spring DispatcherServlet 'dispatcherServlet'
2022-04-27 23:27:45.025 [http-nio-8080-exec-1] INFO  org.springframework.web.servlet.DispatcherServlet - Initializing Servlet 'dispatcherServlet'
2022-04-27 23:27:45.026 [http-nio-8080-exec-1] INFO  org.springframework.web.servlet.DispatcherServlet - Completed initialization in 1 ms
2022-04-27 23:44:14.121 [main] INFO  com.msb.Springboot03Application - Starting Springboot03Application using Java 1.8.0_121 on LAPTOP-IC11SPVO with PID 16328 (D:\idea2019\LianXi\SpringBoot\springboot03\target\classes started by dingguicong in D:\idea2019\LianXi\SpringBoot)
2022-04-27 23:44:14.124 [main] INFO  com.msb.Springboot03Application - No active profile set, falling back to 1 default profile: "default"
2022-04-27 23:44:14.855 [main] INFO  o.s.boot.web.embedded.tomcat.TomcatWebServer - Tomcat initialized with port(s): 8080 (http)
2022-04-27 23:44:14.861 [main] INFO  org.apache.coyote.http11.Http11NioProtocol - Initializing ProtocolHandler ["http-nio-8080"]
2022-04-27 23:44:14.861 [main] INFO  org.apache.catalina.core.StandardService - Starting service [Tomcat]
2022-04-27 23:44:14.861 [main] INFO  org.apache.catalina.core.StandardEngine - Starting Servlet engine: [Apache Tomcat/9.0.62]
2022-04-27 23:44:14.968 [main] INFO  o.a.c.c.C.[Tomcat].[localhost].[/springboot] - Initializing Spring embedded WebApplicationContext
2022-04-27 23:44:14.968 [main] INFO  o.s.b.w.s.c.ServletWebServerApplicationContext - Root WebApplicationContext: initialization completed in 816 ms
2022-04-27 23:44:15.029 [main] INFO  c.a.d.s.b.a.DruidDataSourceAutoConfigure - Init DruidDataSource
2022-04-27 23:44:15.106 [main] INFO  com.alibaba.druid.pool.DruidDataSource - {dataSource-1} inited
2022-04-27 23:44:15.519 [main] INFO  org.apache.coyote.http11.Http11NioProtocol - Starting ProtocolHandler ["http-nio-8080"]
2022-04-27 23:44:15.531 [main] INFO  o.s.boot.web.embedded.tomcat.TomcatWebServer - Tomcat started on port(s): 8080 (http) with context path '/springboot'
2022-04-27 23:44:15.538 [main] INFO  com.msb.Springboot03Application - Started Springboot03Application in 1.761 seconds (JVM running for 2.742)
2022-04-27 23:45:17.426 [main] INFO  com.msb.Springboot03Application - Starting Springboot03Application using Java 1.8.0_121 on LAPTOP-IC11SPVO with PID 9164 (D:\idea2019\LianXi\SpringBoot\springboot03\target\classes started by dingguicong in D:\idea2019\LianXi\SpringBoot)
2022-04-27 23:45:17.429 [main] INFO  com.msb.Springboot03Application - No active profile set, falling back to 1 default profile: "default"
2022-04-27 23:45:18.176 [main] INFO  o.s.boot.web.embedded.tomcat.TomcatWebServer - Tomcat initialized with port(s): 8080 (http)
2022-04-27 23:45:18.181 [main] INFO  org.apache.coyote.http11.Http11NioProtocol - Initializing ProtocolHandler ["http-nio-8080"]
2022-04-27 23:45:18.182 [main] INFO  org.apache.catalina.core.StandardService - Starting service [Tomcat]
2022-04-27 23:45:18.182 [main] INFO  org.apache.catalina.core.StandardEngine - Starting Servlet engine: [Apache Tomcat/9.0.62]
2022-04-27 23:45:18.287 [main] INFO  o.a.c.c.C.[Tomcat].[localhost].[/springboot] - Initializing Spring embedded WebApplicationContext
2022-04-27 23:45:18.287 [main] INFO  o.s.b.w.s.c.ServletWebServerApplicationContext - Root WebApplicationContext: initialization completed in 828 ms
2022-04-27 23:45:18.340 [main] INFO  c.a.d.s.b.a.DruidDataSourceAutoConfigure - Init DruidDataSource
2022-04-27 23:45:18.418 [main] INFO  com.alibaba.druid.pool.DruidDataSource - {dataSource-1} inited
2022-04-27 23:45:18.881 [main] INFO  org.apache.coyote.http11.Http11NioProtocol - Starting ProtocolHandler ["http-nio-8080"]
2022-04-27 23:45:18.894 [main] INFO  o.s.boot.web.embedded.tomcat.TomcatWebServer - Tomcat started on port(s): 8080 (http) with context path '/springboot'
2022-04-27 23:45:18.900 [main] INFO  com.msb.Springboot03Application - Started Springboot03Application in 1.803 seconds (JVM running for 2.743)
2022-04-27 23:45:36.318 [http-nio-8080-exec-1] INFO  o.a.c.c.C.[Tomcat].[localhost].[/springboot] - Initializing Spring DispatcherServlet 'dispatcherServlet'
2022-04-27 23:45:36.318 [http-nio-8080-exec-1] INFO  org.springframework.web.servlet.DispatcherServlet - Initializing Servlet 'dispatcherServlet'
2022-04-27 23:45:36.319 [http-nio-8080-exec-1] INFO  org.springframework.web.servlet.DispatcherServlet - Completed initialization in 1 ms
2022-04-27 23:45:36.456 [http-nio-8080-exec-1] DEBUG com.msb.mapper.EmpMapper.findAll - ==>  Preparing: select * from emp
2022-04-27 23:45:36.470 [http-nio-8080-exec-1] DEBUG com.msb.mapper.EmpMapper.findAll - ==> Parameters: 
2022-04-27 23:45:36.486 [http-nio-8080-exec-1] DEBUG com.msb.mapper.EmpMapper.findAll - <==      Total: 16
2022-04-27 23:45:36.500 [http-nio-8080-exec-1] ERROR o.a.c.c.C.[.[.[/springboot].[dispatcherServlet] - Servlet.service() for servlet [dispatcherServlet] in context with path [/springboot] threw exception [Circular view path [showEmp]: would dispatch back to the current handler URL [/springboot/freemarker/showEmp] again. Check your ViewResolver setup! (Hint: This may be the result of an unspecified view, due to default view name generation.)] with root cause
javax.servlet.ServletException: Circular view path [showEmp]: would dispatch back to the current handler URL [/springboot/freemarker/showEmp] again. Check your ViewResolver setup! (Hint: This may be the result of an unspecified view, due to default view name generation.)
	at org.springframework.web.servlet.view.InternalResourceView.prepareForRendering(InternalResourceView.java:210)
	at org.springframework.web.servlet.view.InternalResourceView.renderMergedOutputModel(InternalResourceView.java:148)
	at org.springframework.web.servlet.view.AbstractView.render(AbstractView.java:316)
	at org.springframework.web.servlet.DispatcherServlet.render(DispatcherServlet.java:1401)
	at org.springframework.web.servlet.DispatcherServlet.processDispatchResult(DispatcherServlet.java:1145)
	at org.springframework.web.servlet.DispatcherServlet.doDispatch(DispatcherServlet.java:1084)
	at org.springframework.web.servlet.DispatcherServlet.doService(DispatcherServlet.java:963)
	at org.springframework.web.servlet.FrameworkServlet.processRequest(FrameworkServlet.java:1006)
	at org.springframework.web.servlet.FrameworkServlet.doGet(FrameworkServlet.java:898)
	at javax.servlet.http.HttpServlet.service(HttpServlet.java:655)
	at org.springframework.web.servlet.FrameworkServlet.service(FrameworkServlet.java:883)
	at javax.servlet.http.HttpServlet.service(HttpServlet.java:764)
	at org.apache.catalina.core.ApplicationFilterChain.internalDoFilter(ApplicationFilterChain.java:227)
	at org.apache.catalina.core.ApplicationFilterChain.doFilter(ApplicationFilterChain.java:162)
	at org.apache.tomcat.websocket.server.WsFilter.doFilter(WsFilter.java:53)
	at org.apache.catalina.core.ApplicationFilterChain.internalDoFilter(ApplicationFilterChain.java:189)
	at org.apache.catalina.core.ApplicationFilterChain.doFilter(ApplicationFilterChain.java:162)
	at com.alibaba.druid.support.http.WebStatFilter.doFilter(WebStatFilter.java:123)
	at org.apache.catalina.core.ApplicationFilterChain.internalDoFilter(ApplicationFilterChain.java:189)
	at org.apache.catalina.core.ApplicationFilterChain.doFilter(ApplicationFilterChain.java:162)
	at org.springframework.web.filter.RequestContextFilter.doFilterInternal(RequestContextFilter.java:100)
	at org.springframework.web.filter.OncePerRequestFilter.doFilter(OncePerRequestFilter.java:117)
	at org.apache.catalina.core.ApplicationFilterChain.internalDoFilter(ApplicationFilterChain.java:189)
	at org.apache.catalina.core.ApplicationFilterChain.doFilter(ApplicationFilterChain.java:162)
	at org.springframework.web.filter.FormContentFilter.doFilterInternal(FormContentFilter.java:93)
	at org.springframework.web.filter.OncePerRequestFilter.doFilter(OncePerRequestFilter.java:117)
	at org.apache.catalina.core.ApplicationFilterChain.internalDoFilter(ApplicationFilterChain.java:189)
	at org.apache.catalina.core.ApplicationFilterChain.doFilter(ApplicationFilterChain.java:162)
	at org.springframework.web.filter.CharacterEncodingFilter.doFilterInternal(CharacterEncodingFilter.java:201)
	at org.springframework.web.filter.OncePerRequestFilter.doFilter(OncePerRequestFilter.java:117)
	at org.apache.catalina.core.ApplicationFilterChain.internalDoFilter(ApplicationFilterChain.java:189)
	at org.apache.catalina.core.ApplicationFilterChain.doFilter(ApplicationFilterChain.java:162)
	at org.apache.catalina.core.StandardWrapperValve.invoke(StandardWrapperValve.java:197)
	at org.apache.catalina.core.StandardContextValve.invoke(StandardContextValve.java:97)
	at org.apache.catalina.authenticator.AuthenticatorBase.invoke(AuthenticatorBase.java:541)
	at org.apache.catalina.core.StandardHostValve.invoke(StandardHostValve.java:135)
	at org.apache.catalina.valves.ErrorReportValve.invoke(ErrorReportValve.java:92)
	at org.apache.catalina.core.StandardEngineValve.invoke(StandardEngineValve.java:78)
	at org.apache.catalina.connector.CoyoteAdapter.service(CoyoteAdapter.java:360)
	at org.apache.coyote.http11.Http11Processor.service(Http11Processor.java:399)
	at org.apache.coyote.AbstractProcessorLight.process(AbstractProcessorLight.java:65)
	at org.apache.coyote.AbstractProtocol$ConnectionHandler.process(AbstractProtocol.java:890)
	at org.apache.tomcat.util.net.NioEndpoint$SocketProcessor.doRun(NioEndpoint.java:1743)
	at org.apache.tomcat.util.net.SocketProcessorBase.run(SocketProcessorBase.java:49)
	at org.apache.tomcat.util.threads.ThreadPoolExecutor.runWorker(ThreadPoolExecutor.java:1191)
	at org.apache.tomcat.util.threads.ThreadPoolExecutor$Worker.run(ThreadPoolExecutor.java:659)
	at org.apache.tomcat.util.threads.TaskThread$WrappingRunnable.run(TaskThread.java:61)
	at java.lang.Thread.run(Thread.java:745)
2022-04-27 23:47:53.181 [main] INFO  com.msb.Springboot03Application - Starting Springboot03Application using Java 1.8.0_121 on LAPTOP-IC11SPVO with PID 22828 (D:\idea2019\LianXi\SpringBoot\springboot03\target\classes started by dingguicong in D:\idea2019\LianXi\SpringBoot)
2022-04-27 23:47:53.181 [main] INFO  com.msb.Springboot03Application - No active profile set, falling back to 1 default profile: "default"
2022-04-27 23:47:53.881 [main] INFO  o.s.boot.web.embedded.tomcat.TomcatWebServer - Tomcat initialized with port(s): 8080 (http)
2022-04-27 23:47:53.885 [main] INFO  org.apache.coyote.http11.Http11NioProtocol - Initializing ProtocolHandler ["http-nio-8080"]
2022-04-27 23:47:53.885 [main] INFO  org.apache.catalina.core.StandardService - Starting service [Tomcat]
2022-04-27 23:47:53.885 [main] INFO  org.apache.catalina.core.StandardEngine - Starting Servlet engine: [Apache Tomcat/9.0.62]
2022-04-27 23:47:53.994 [main] INFO  o.a.c.c.C.[Tomcat].[localhost].[/springboot] - Initializing Spring embedded WebApplicationContext
2022-04-27 23:47:53.994 [main] INFO  o.s.b.w.s.c.ServletWebServerApplicationContext - Root WebApplicationContext: initialization completed in 781 ms
2022-04-27 23:47:54.057 [main] INFO  c.a.d.s.b.a.DruidDataSourceAutoConfigure - Init DruidDataSource
2022-04-27 23:47:54.135 [main] INFO  com.alibaba.druid.pool.DruidDataSource - {dataSource-1} inited
2022-04-27 23:47:54.525 [main] INFO  org.apache.coyote.http11.Http11NioProtocol - Starting ProtocolHandler ["http-nio-8080"]
2022-04-27 23:47:54.541 [main] INFO  o.s.boot.web.embedded.tomcat.TomcatWebServer - Tomcat started on port(s): 8080 (http) with context path '/springboot'
2022-04-27 23:47:54.541 [main] INFO  com.msb.Springboot03Application - Started Springboot03Application in 1.702 seconds (JVM running for 2.654)
2022-04-27 23:47:59.568 [http-nio-8080-exec-1] INFO  o.a.c.c.C.[Tomcat].[localhost].[/springboot] - Initializing Spring DispatcherServlet 'dispatcherServlet'
2022-04-27 23:47:59.568 [http-nio-8080-exec-1] INFO  org.springframework.web.servlet.DispatcherServlet - Initializing Servlet 'dispatcherServlet'
2022-04-27 23:47:59.569 [http-nio-8080-exec-1] INFO  org.springframework.web.servlet.DispatcherServlet - Completed initialization in 0 ms
2022-04-27 23:47:59.705 [http-nio-8080-exec-1] DEBUG com.msb.mapper.EmpMapper.findAll - ==>  Preparing: select * from emp
2022-04-27 23:47:59.718 [http-nio-8080-exec-1] DEBUG com.msb.mapper.EmpMapper.findAll - ==> Parameters: 
2022-04-27 23:47:59.735 [http-nio-8080-exec-1] DEBUG com.msb.mapper.EmpMapper.findAll - <==      Total: 16
2022-04-27 23:47:59.750 [http-nio-8080-exec-1] ERROR o.a.c.c.C.[.[.[/springboot].[dispatcherServlet] - Servlet.service() for servlet [dispatcherServlet] in context with path [/springboot] threw exception [Circular view path [showEmp]: would dispatch back to the current handler URL [/springboot/freemarker/showEmp] again. Check your ViewResolver setup! (Hint: This may be the result of an unspecified view, due to default view name generation.)] with root cause
javax.servlet.ServletException: Circular view path [showEmp]: would dispatch back to the current handler URL [/springboot/freemarker/showEmp] again. Check your ViewResolver setup! (Hint: This may be the result of an unspecified view, due to default view name generation.)
	at org.springframework.web.servlet.view.InternalResourceView.prepareForRendering(InternalResourceView.java:210)
	at org.springframework.web.servlet.view.InternalResourceView.renderMergedOutputModel(InternalResourceView.java:148)
	at org.springframework.web.servlet.view.AbstractView.render(AbstractView.java:316)
	at org.springframework.web.servlet.DispatcherServlet.render(DispatcherServlet.java:1401)
	at org.springframework.web.servlet.DispatcherServlet.processDispatchResult(DispatcherServlet.java:1145)
	at org.springframework.web.servlet.DispatcherServlet.doDispatch(DispatcherServlet.java:1084)
	at org.springframework.web.servlet.DispatcherServlet.doService(DispatcherServlet.java:963)
	at org.springframework.web.servlet.FrameworkServlet.processRequest(FrameworkServlet.java:1006)
	at org.springframework.web.servlet.FrameworkServlet.doGet(FrameworkServlet.java:898)
	at javax.servlet.http.HttpServlet.service(HttpServlet.java:655)
	at org.springframework.web.servlet.FrameworkServlet.service(FrameworkServlet.java:883)
	at javax.servlet.http.HttpServlet.service(HttpServlet.java:764)
	at org.apache.catalina.core.ApplicationFilterChain.internalDoFilter(ApplicationFilterChain.java:227)
	at org.apache.catalina.core.ApplicationFilterChain.doFilter(ApplicationFilterChain.java:162)
	at org.apache.tomcat.websocket.server.WsFilter.doFilter(WsFilter.java:53)
	at org.apache.catalina.core.ApplicationFilterChain.internalDoFilter(ApplicationFilterChain.java:189)
	at org.apache.catalina.core.ApplicationFilterChain.doFilter(ApplicationFilterChain.java:162)
	at com.alibaba.druid.support.http.WebStatFilter.doFilter(WebStatFilter.java:123)
	at org.apache.catalina.core.ApplicationFilterChain.internalDoFilter(ApplicationFilterChain.java:189)
	at org.apache.catalina.core.ApplicationFilterChain.doFilter(ApplicationFilterChain.java:162)
	at org.springframework.web.filter.RequestContextFilter.doFilterInternal(RequestContextFilter.java:100)
	at org.springframework.web.filter.OncePerRequestFilter.doFilter(OncePerRequestFilter.java:117)
	at org.apache.catalina.core.ApplicationFilterChain.internalDoFilter(ApplicationFilterChain.java:189)
	at org.apache.catalina.core.ApplicationFilterChain.doFilter(ApplicationFilterChain.java:162)
	at org.springframework.web.filter.FormContentFilter.doFilterInternal(FormContentFilter.java:93)
	at org.springframework.web.filter.OncePerRequestFilter.doFilter(OncePerRequestFilter.java:117)
	at org.apache.catalina.core.ApplicationFilterChain.internalDoFilter(ApplicationFilterChain.java:189)
	at org.apache.catalina.core.ApplicationFilterChain.doFilter(ApplicationFilterChain.java:162)
	at org.springframework.web.filter.CharacterEncodingFilter.doFilterInternal(CharacterEncodingFilter.java:201)
	at org.springframework.web.filter.OncePerRequestFilter.doFilter(OncePerRequestFilter.java:117)
	at org.apache.catalina.core.ApplicationFilterChain.internalDoFilter(ApplicationFilterChain.java:189)
	at org.apache.catalina.core.ApplicationFilterChain.doFilter(ApplicationFilterChain.java:162)
	at org.apache.catalina.core.StandardWrapperValve.invoke(StandardWrapperValve.java:197)
	at org.apache.catalina.core.StandardContextValve.invoke(StandardContextValve.java:97)
	at org.apache.catalina.authenticator.AuthenticatorBase.invoke(AuthenticatorBase.java:541)
	at org.apache.catalina.core.StandardHostValve.invoke(StandardHostValve.java:135)
	at org.apache.catalina.valves.ErrorReportValve.invoke(ErrorReportValve.java:92)
	at org.apache.catalina.core.StandardEngineValve.invoke(StandardEngineValve.java:78)
	at org.apache.catalina.connector.CoyoteAdapter.service(CoyoteAdapter.java:360)
	at org.apache.coyote.http11.Http11Processor.service(Http11Processor.java:399)
	at org.apache.coyote.AbstractProcessorLight.process(AbstractProcessorLight.java:65)
	at org.apache.coyote.AbstractProtocol$ConnectionHandler.process(AbstractProtocol.java:890)
	at org.apache.tomcat.util.net.NioEndpoint$SocketProcessor.doRun(NioEndpoint.java:1743)
	at org.apache.tomcat.util.net.SocketProcessorBase.run(SocketProcessorBase.java:49)
	at org.apache.tomcat.util.threads.ThreadPoolExecutor.runWorker(ThreadPoolExecutor.java:1191)
	at org.apache.tomcat.util.threads.ThreadPoolExecutor$Worker.run(ThreadPoolExecutor.java:659)
	at org.apache.tomcat.util.threads.TaskThread$WrappingRunnable.run(TaskThread.java:61)
	at java.lang.Thread.run(Thread.java:745)
2022-04-27 23:50:41.733 [main] INFO  com.msb.Springboot03Application - Starting Springboot03Application using Java 1.8.0_121 on LAPTOP-IC11SPVO with PID 37728 (D:\idea2019\LianXi\SpringBoot\springboot03\target\classes started by dingguicong in D:\idea2019\LianXi\SpringBoot)
2022-04-27 23:50:41.733 [main] INFO  com.msb.Springboot03Application - No active profile set, falling back to 1 default profile: "default"
2022-04-27 23:50:42.476 [main] INFO  o.s.boot.web.embedded.tomcat.TomcatWebServer - Tomcat initialized with port(s): 8080 (http)
2022-04-27 23:50:42.476 [main] INFO  org.apache.coyote.http11.Http11NioProtocol - Initializing ProtocolHandler ["http-nio-8080"]
2022-04-27 23:50:42.476 [main] INFO  org.apache.catalina.core.StandardService - Starting service [Tomcat]
2022-04-27 23:50:42.476 [main] INFO  org.apache.catalina.core.StandardEngine - Starting Servlet engine: [Apache Tomcat/9.0.62]
2022-04-27 23:50:42.585 [main] INFO  o.a.c.c.C.[Tomcat].[localhost].[/springboot] - Initializing Spring embedded WebApplicationContext
2022-04-27 23:50:42.585 [main] INFO  o.s.b.w.s.c.ServletWebServerApplicationContext - Root WebApplicationContext: initialization completed in 821 ms
2022-04-27 23:50:42.632 [main] INFO  c.a.d.s.b.a.DruidDataSourceAutoConfigure - Init DruidDataSource
2022-04-27 23:50:42.710 [main] INFO  com.alibaba.druid.pool.DruidDataSource - {dataSource-1} inited
2022-04-27 23:50:43.114 [main] INFO  org.apache.coyote.http11.Http11NioProtocol - Starting ProtocolHandler ["http-nio-8080"]
2022-04-27 23:50:43.129 [main] INFO  o.s.boot.web.embedded.tomcat.TomcatWebServer - Tomcat started on port(s): 8080 (http) with context path '/springboot'
2022-04-27 23:50:43.145 [main] INFO  com.msb.Springboot03Application - Started Springboot03Application in 1.722 seconds (JVM running for 2.689)
2022-04-27 23:50:50.515 [http-nio-8080-exec-1] INFO  o.a.c.c.C.[Tomcat].[localhost].[/springboot] - Initializing Spring DispatcherServlet 'dispatcherServlet'
2022-04-27 23:50:50.515 [http-nio-8080-exec-1] INFO  org.springframework.web.servlet.DispatcherServlet - Initializing Servlet 'dispatcherServlet'
2022-04-27 23:50:50.515 [http-nio-8080-exec-1] INFO  org.springframework.web.servlet.DispatcherServlet - Completed initialization in 0 ms
2022-04-27 23:50:50.649 [http-nio-8080-exec-1] DEBUG com.msb.mapper.EmpMapper.findAll - ==>  Preparing: select * from emp
2022-04-27 23:50:50.662 [http-nio-8080-exec-1] DEBUG com.msb.mapper.EmpMapper.findAll - ==> Parameters: 
2022-04-27 23:50:50.678 [http-nio-8080-exec-1] DEBUG com.msb.mapper.EmpMapper.findAll - <==      Total: 16
2022-04-27 23:50:50.692 [http-nio-8080-exec-1] ERROR o.a.c.c.C.[.[.[/springboot].[dispatcherServlet] - Servlet.service() for servlet [dispatcherServlet] in context with path [/springboot] threw exception [Circular view path [showEmp]: would dispatch back to the current handler URL [/springboot/freemarker/showEmp] again. Check your ViewResolver setup! (Hint: This may be the result of an unspecified view, due to default view name generation.)] with root cause
javax.servlet.ServletException: Circular view path [showEmp]: would dispatch back to the current handler URL [/springboot/freemarker/showEmp] again. Check your ViewResolver setup! (Hint: This may be the result of an unspecified view, due to default view name generation.)
	at org.springframework.web.servlet.view.InternalResourceView.prepareForRendering(InternalResourceView.java:210)
	at org.springframework.web.servlet.view.InternalResourceView.renderMergedOutputModel(InternalResourceView.java:148)
	at org.springframework.web.servlet.view.AbstractView.render(AbstractView.java:316)
	at org.springframework.web.servlet.DispatcherServlet.render(DispatcherServlet.java:1401)
	at org.springframework.web.servlet.DispatcherServlet.processDispatchResult(DispatcherServlet.java:1145)
	at org.springframework.web.servlet.DispatcherServlet.doDispatch(DispatcherServlet.java:1084)
	at org.springframework.web.servlet.DispatcherServlet.doService(DispatcherServlet.java:963)
	at org.springframework.web.servlet.FrameworkServlet.processRequest(FrameworkServlet.java:1006)
	at org.springframework.web.servlet.FrameworkServlet.doGet(FrameworkServlet.java:898)
	at javax.servlet.http.HttpServlet.service(HttpServlet.java:655)
	at org.springframework.web.servlet.FrameworkServlet.service(FrameworkServlet.java:883)
	at javax.servlet.http.HttpServlet.service(HttpServlet.java:764)
	at org.apache.catalina.core.ApplicationFilterChain.internalDoFilter(ApplicationFilterChain.java:227)
	at org.apache.catalina.core.ApplicationFilterChain.doFilter(ApplicationFilterChain.java:162)
	at org.apache.tomcat.websocket.server.WsFilter.doFilter(WsFilter.java:53)
	at org.apache.catalina.core.ApplicationFilterChain.internalDoFilter(ApplicationFilterChain.java:189)
	at org.apache.catalina.core.ApplicationFilterChain.doFilter(ApplicationFilterChain.java:162)
	at com.alibaba.druid.support.http.WebStatFilter.doFilter(WebStatFilter.java:123)
	at org.apache.catalina.core.ApplicationFilterChain.internalDoFilter(ApplicationFilterChain.java:189)
	at org.apache.catalina.core.ApplicationFilterChain.doFilter(ApplicationFilterChain.java:162)
	at org.springframework.web.filter.RequestContextFilter.doFilterInternal(RequestContextFilter.java:100)
	at org.springframework.web.filter.OncePerRequestFilter.doFilter(OncePerRequestFilter.java:117)
	at org.apache.catalina.core.ApplicationFilterChain.internalDoFilter(ApplicationFilterChain.java:189)
	at org.apache.catalina.core.ApplicationFilterChain.doFilter(ApplicationFilterChain.java:162)
	at org.springframework.web.filter.FormContentFilter.doFilterInternal(FormContentFilter.java:93)
	at org.springframework.web.filter.OncePerRequestFilter.doFilter(OncePerRequestFilter.java:117)
	at org.apache.catalina.core.ApplicationFilterChain.internalDoFilter(ApplicationFilterChain.java:189)
	at org.apache.catalina.core.ApplicationFilterChain.doFilter(ApplicationFilterChain.java:162)
	at org.springframework.web.filter.CharacterEncodingFilter.doFilterInternal(CharacterEncodingFilter.java:201)
	at org.springframework.web.filter.OncePerRequestFilter.doFilter(OncePerRequestFilter.java:117)
	at org.apache.catalina.core.ApplicationFilterChain.internalDoFilter(ApplicationFilterChain.java:189)
	at org.apache.catalina.core.ApplicationFilterChain.doFilter(ApplicationFilterChain.java:162)
	at org.apache.catalina.core.StandardWrapperValve.invoke(StandardWrapperValve.java:197)
	at org.apache.catalina.core.StandardContextValve.invoke(StandardContextValve.java:97)
	at org.apache.catalina.authenticator.AuthenticatorBase.invoke(AuthenticatorBase.java:541)
	at org.apache.catalina.core.StandardHostValve.invoke(StandardHostValve.java:135)
	at org.apache.catalina.valves.ErrorReportValve.invoke(ErrorReportValve.java:92)
	at org.apache.catalina.core.StandardEngineValve.invoke(StandardEngineValve.java:78)
	at org.apache.catalina.connector.CoyoteAdapter.service(CoyoteAdapter.java:360)
	at org.apache.coyote.http11.Http11Processor.service(Http11Processor.java:399)
	at org.apache.coyote.AbstractProcessorLight.process(AbstractProcessorLight.java:65)
	at org.apache.coyote.AbstractProtocol$ConnectionHandler.process(AbstractProtocol.java:890)
	at org.apache.tomcat.util.net.NioEndpoint$SocketProcessor.doRun(NioEndpoint.java:1743)
	at org.apache.tomcat.util.net.SocketProcessorBase.run(SocketProcessorBase.java:49)
	at org.apache.tomcat.util.threads.ThreadPoolExecutor.runWorker(ThreadPoolExecutor.java:1191)
	at org.apache.tomcat.util.threads.ThreadPoolExecutor$Worker.run(ThreadPoolExecutor.java:659)
	at org.apache.tomcat.util.threads.TaskThread$WrappingRunnable.run(TaskThread.java:61)
	at java.lang.Thread.run(Thread.java:745)
2022-04-27 23:55:54.938 [main] INFO  com.msb.Springboot03Application - Starting Springboot03Application using Java 1.8.0_121 on LAPTOP-IC11SPVO with PID 38364 (D:\idea2019\LianXi\SpringBoot\springboot03\target\classes started by dingguicong in D:\idea2019\LianXi\SpringBoot)
2022-04-27 23:55:54.938 [main] INFO  com.msb.Springboot03Application - No active profile set, falling back to 1 default profile: "default"
2022-04-27 23:55:55.657 [main] INFO  o.s.boot.web.embedded.tomcat.TomcatWebServer - Tomcat initialized with port(s): 8080 (http)
2022-04-27 23:55:55.657 [main] INFO  org.apache.coyote.http11.Http11NioProtocol - Initializing ProtocolHandler ["http-nio-8080"]
2022-04-27 23:55:55.657 [main] INFO  org.apache.catalina.core.StandardService - Starting service [Tomcat]
2022-04-27 23:55:55.657 [main] INFO  org.apache.catalina.core.StandardEngine - Starting Servlet engine: [Apache Tomcat/9.0.62]
2022-04-27 23:55:55.766 [main] INFO  o.a.c.c.C.[Tomcat].[localhost].[/springboot] - Initializing Spring embedded WebApplicationContext
2022-04-27 23:55:55.766 [main] INFO  o.s.b.w.s.c.ServletWebServerApplicationContext - Root WebApplicationContext: initialization completed in 797 ms
2022-04-27 23:55:55.829 [main] INFO  c.a.d.s.b.a.DruidDataSourceAutoConfigure - Init DruidDataSource
2022-04-27 23:55:55.896 [main] INFO  com.alibaba.druid.pool.DruidDataSource - {dataSource-1} inited
2022-04-27 23:55:56.311 [main] INFO  org.apache.coyote.http11.Http11NioProtocol - Starting ProtocolHandler ["http-nio-8080"]
2022-04-27 23:55:56.311 [main] INFO  o.s.boot.web.embedded.tomcat.TomcatWebServer - Tomcat started on port(s): 8080 (http) with context path '/springboot'
2022-04-27 23:55:56.326 [main] INFO  com.msb.Springboot03Application - Started Springboot03Application in 1.729 seconds (JVM running for 2.725)
2022-04-27 23:56:20.090 [http-nio-8080-exec-1] INFO  o.a.c.c.C.[Tomcat].[localhost].[/springboot] - Initializing Spring DispatcherServlet 'dispatcherServlet'
2022-04-27 23:56:20.090 [http-nio-8080-exec-1] INFO  org.springframework.web.servlet.DispatcherServlet - Initializing Servlet 'dispatcherServlet'
2022-04-27 23:56:20.091 [http-nio-8080-exec-1] INFO  org.springframework.web.servlet.DispatcherServlet - Completed initialization in 1 ms
2022-04-27 23:56:20.229 [http-nio-8080-exec-1] DEBUG com.msb.mapper.EmpMapper.findAll - ==>  Preparing: select * from emp
2022-04-27 23:56:20.242 [http-nio-8080-exec-1] DEBUG com.msb.mapper.EmpMapper.findAll - ==> Parameters: 
2022-04-27 23:56:20.257 [http-nio-8080-exec-1] DEBUG com.msb.mapper.EmpMapper.findAll - <==      Total: 16
2022-04-27 23:57:22.874 [main] INFO  com.msb.Springboot03Application - Starting Springboot03Application using Java 1.8.0_121 on LAPTOP-IC11SPVO with PID 37600 (D:\idea2019\LianXi\SpringBoot\springboot03\target\classes started by dingguicong in D:\idea2019\LianXi\SpringBoot)
2022-04-27 23:57:22.877 [main] INFO  com.msb.Springboot03Application - No active profile set, falling back to 1 default profile: "default"
2022-04-27 23:57:23.610 [main] INFO  o.s.boot.web.embedded.tomcat.TomcatWebServer - Tomcat initialized with port(s): 8080 (http)
2022-04-27 23:57:23.610 [main] INFO  org.apache.coyote.http11.Http11NioProtocol - Initializing ProtocolHandler ["http-nio-8080"]
2022-04-27 23:57:23.625 [main] INFO  org.apache.catalina.core.StandardService - Starting service [Tomcat]
2022-04-27 23:57:23.625 [main] INFO  org.apache.catalina.core.StandardEngine - Starting Servlet engine: [Apache Tomcat/9.0.62]
2022-04-27 23:57:23.730 [main] INFO  o.a.c.c.C.[Tomcat].[localhost].[/springboot] - Initializing Spring embedded WebApplicationContext
2022-04-27 23:57:23.730 [main] INFO  o.s.b.w.s.c.ServletWebServerApplicationContext - Root WebApplicationContext: initialization completed in 821 ms
2022-04-27 23:57:23.793 [main] INFO  c.a.d.s.b.a.DruidDataSourceAutoConfigure - Init DruidDataSource
2022-04-27 23:57:23.871 [main] INFO  com.alibaba.druid.pool.DruidDataSource - {dataSource-1} inited
2022-04-27 23:57:24.275 [main] INFO  org.apache.coyote.http11.Http11NioProtocol - Starting ProtocolHandler ["http-nio-8080"]
2022-04-27 23:57:24.291 [main] INFO  o.s.boot.web.embedded.tomcat.TomcatWebServer - Tomcat started on port(s): 8080 (http) with context path '/springboot'
2022-04-27 23:57:24.291 [main] INFO  com.msb.Springboot03Application - Started Springboot03Application in 1.778 seconds (JVM running for 2.747)
2022-04-27 23:57:39.198 [http-nio-8080-exec-1] INFO  o.a.c.c.C.[Tomcat].[localhost].[/springboot] - Initializing Spring DispatcherServlet 'dispatcherServlet'
2022-04-27 23:57:39.199 [http-nio-8080-exec-1] INFO  org.springframework.web.servlet.DispatcherServlet - Initializing Servlet 'dispatcherServlet'
2022-04-27 23:57:39.199 [http-nio-8080-exec-1] INFO  org.springframework.web.servlet.DispatcherServlet - Completed initialization in 0 ms
2022-04-27 23:57:39.343 [http-nio-8080-exec-1] DEBUG com.msb.mapper.EmpMapper.findAll - ==>  Preparing: select * from emp
2022-04-27 23:57:39.356 [http-nio-8080-exec-1] DEBUG com.msb.mapper.EmpMapper.findAll - ==> Parameters: 
2022-04-27 23:57:39.372 [http-nio-8080-exec-1] DEBUG com.msb.mapper.EmpMapper.findAll - <==      Total: 16
2022-04-27 23:58:26.396 [http-nio-8080-exec-4] DEBUG com.msb.mapper.EmpMapper.findAll - ==>  Preparing: select * from emp
2022-04-27 23:58:26.397 [http-nio-8080-exec-4] DEBUG com.msb.mapper.EmpMapper.findAll - ==> Parameters: 
2022-04-27 23:58:26.403 [http-nio-8080-exec-4] DEBUG com.msb.mapper.EmpMapper.findAll - <==      Total: 16
2022-04-27 23:58:27.485 [http-nio-8080-exec-7] DEBUG com.msb.mapper.EmpMapper.findAll - ==>  Preparing: select * from emp
2022-04-27 23:58:27.485 [http-nio-8080-exec-7] DEBUG com.msb.mapper.EmpMapper.findAll - ==> Parameters: 
2022-04-27 23:58:27.490 [http-nio-8080-exec-7] DEBUG com.msb.mapper.EmpMapper.findAll - <==      Total: 16
2022-04-27 23:58:28.341 [http-nio-8080-exec-10] DEBUG com.msb.mapper.EmpMapper.findAll - ==>  Preparing: select * from emp
2022-04-27 23:58:28.341 [http-nio-8080-exec-10] DEBUG com.msb.mapper.EmpMapper.findAll - ==> Parameters: 
2022-04-27 23:58:28.345 [http-nio-8080-exec-10] DEBUG com.msb.mapper.EmpMapper.findAll - <==      Total: 16
2022-04-27 23:58:28.674 [http-nio-8080-exec-2] DEBUG com.msb.mapper.EmpMapper.findAll - ==>  Preparing: select * from emp
2022-04-27 23:58:28.675 [http-nio-8080-exec-2] DEBUG com.msb.mapper.EmpMapper.findAll - ==> Parameters: 
2022-04-27 23:58:28.678 [http-nio-8080-exec-2] DEBUG com.msb.mapper.EmpMapper.findAll - <==      Total: 16
2022-04-27 23:58:28.942 [http-nio-8080-exec-6] DEBUG com.msb.mapper.EmpMapper.findAll - ==>  Preparing: select * from emp
2022-04-27 23:58:28.942 [http-nio-8080-exec-6] DEBUG com.msb.mapper.EmpMapper.findAll - ==> Parameters: 
2022-04-27 23:58:28.945 [http-nio-8080-exec-6] DEBUG com.msb.mapper.EmpMapper.findAll - <==      Total: 16
2022-04-27 23:58:36.793 [main] INFO  com.msb.Springboot03Application - Starting Springboot03Application using Java 1.8.0_121 on LAPTOP-IC11SPVO with PID 36288 (D:\idea2019\LianXi\SpringBoot\springboot03\target\classes started by dingguicong in D:\idea2019\LianXi\SpringBoot)
2022-04-27 23:58:36.793 [main] INFO  com.msb.Springboot03Application - No active profile set, falling back to 1 default profile: "default"
2022-04-27 23:58:37.532 [main] INFO  o.s.boot.web.embedded.tomcat.TomcatWebServer - Tomcat initialized with port(s): 8080 (http)
2022-04-27 23:58:37.532 [main] INFO  org.apache.coyote.http11.Http11NioProtocol - Initializing ProtocolHandler ["http-nio-8080"]
2022-04-27 23:58:37.532 [main] INFO  org.apache.catalina.core.StandardService - Starting service [Tomcat]
2022-04-27 23:58:37.532 [main] INFO  org.apache.catalina.core.StandardEngine - Starting Servlet engine: [Apache Tomcat/9.0.62]
2022-04-27 23:58:37.642 [main] INFO  o.a.c.c.C.[Tomcat].[localhost].[/springboot] - Initializing Spring embedded WebApplicationContext
2022-04-27 23:58:37.642 [main] INFO  o.s.b.w.s.c.ServletWebServerApplicationContext - Root WebApplicationContext: initialization completed in 816 ms
2022-04-27 23:58:37.711 [main] INFO  c.a.d.s.b.a.DruidDataSourceAutoConfigure - Init DruidDataSource
2022-04-27 23:58:37.789 [main] INFO  com.alibaba.druid.pool.DruidDataSource - {dataSource-1} inited
2022-04-27 23:58:38.181 [main] INFO  org.apache.coyote.http11.Http11NioProtocol - Starting ProtocolHandler ["http-nio-8080"]
2022-04-27 23:58:38.197 [main] INFO  o.s.boot.web.embedded.tomcat.TomcatWebServer - Tomcat started on port(s): 8080 (http) with context path '/springboot'
2022-04-27 23:58:38.213 [main] INFO  com.msb.Springboot03Application - Started Springboot03Application in 1.732 seconds (JVM running for 2.648)
2022-04-27 23:58:43.814 [http-nio-8080-exec-1] INFO  o.a.c.c.C.[Tomcat].[localhost].[/springboot] - Initializing Spring DispatcherServlet 'dispatcherServlet'
2022-04-27 23:58:43.814 [http-nio-8080-exec-1] INFO  org.springframework.web.servlet.DispatcherServlet - Initializing Servlet 'dispatcherServlet'
2022-04-27 23:58:43.815 [http-nio-8080-exec-1] INFO  org.springframework.web.servlet.DispatcherServlet - Completed initialization in 1 ms
2022-04-27 23:58:43.949 [http-nio-8080-exec-1] DEBUG com.msb.mapper.EmpMapper.findAll - ==>  Preparing: select * from emp
2022-04-27 23:58:43.962 [http-nio-8080-exec-1] DEBUG com.msb.mapper.EmpMapper.findAll - ==> Parameters: 
2022-04-27 23:58:43.977 [http-nio-8080-exec-1] DEBUG com.msb.mapper.EmpMapper.findAll - <==      Total: 16
2022-04-27 23:58:43.991 [http-nio-8080-exec-1] ERROR o.a.c.c.C.[.[.[/springboot].[dispatcherServlet] - Servlet.service() for servlet [dispatcherServlet] in context with path [/springboot] threw exception [Circular view path [showEmp]: would dispatch back to the current handler URL [/springboot/freemarker/showEmp] again. Check your ViewResolver setup! (Hint: This may be the result of an unspecified view, due to default view name generation.)] with root cause
javax.servlet.ServletException: Circular view path [showEmp]: would dispatch back to the current handler URL [/springboot/freemarker/showEmp] again. Check your ViewResolver setup! (Hint: This may be the result of an unspecified view, due to default view name generation.)
	at org.springframework.web.servlet.view.InternalResourceView.prepareForRendering(InternalResourceView.java:210)
	at org.springframework.web.servlet.view.InternalResourceView.renderMergedOutputModel(InternalResourceView.java:148)
	at org.springframework.web.servlet.view.AbstractView.render(AbstractView.java:316)
	at org.springframework.web.servlet.DispatcherServlet.render(DispatcherServlet.java:1401)
	at org.springframework.web.servlet.DispatcherServlet.processDispatchResult(DispatcherServlet.java:1145)
	at org.springframework.web.servlet.DispatcherServlet.doDispatch(DispatcherServlet.java:1084)
	at org.springframework.web.servlet.DispatcherServlet.doService(DispatcherServlet.java:963)
	at org.springframework.web.servlet.FrameworkServlet.processRequest(FrameworkServlet.java:1006)
	at org.springframework.web.servlet.FrameworkServlet.doGet(FrameworkServlet.java:898)
	at javax.servlet.http.HttpServlet.service(HttpServlet.java:655)
	at org.springframework.web.servlet.FrameworkServlet.service(FrameworkServlet.java:883)
	at javax.servlet.http.HttpServlet.service(HttpServlet.java:764)
	at org.apache.catalina.core.ApplicationFilterChain.internalDoFilter(ApplicationFilterChain.java:227)
	at org.apache.catalina.core.ApplicationFilterChain.doFilter(ApplicationFilterChain.java:162)
	at org.apache.tomcat.websocket.server.WsFilter.doFilter(WsFilter.java:53)
	at org.apache.catalina.core.ApplicationFilterChain.internalDoFilter(ApplicationFilterChain.java:189)
	at org.apache.catalina.core.ApplicationFilterChain.doFilter(ApplicationFilterChain.java:162)
	at com.alibaba.druid.support.http.WebStatFilter.doFilter(WebStatFilter.java:123)
	at org.apache.catalina.core.ApplicationFilterChain.internalDoFilter(ApplicationFilterChain.java:189)
	at org.apache.catalina.core.ApplicationFilterChain.doFilter(ApplicationFilterChain.java:162)
	at org.springframework.web.filter.RequestContextFilter.doFilterInternal(RequestContextFilter.java:100)
	at org.springframework.web.filter.OncePerRequestFilter.doFilter(OncePerRequestFilter.java:117)
	at org.apache.catalina.core.ApplicationFilterChain.internalDoFilter(ApplicationFilterChain.java:189)
	at org.apache.catalina.core.ApplicationFilterChain.doFilter(ApplicationFilterChain.java:162)
	at org.springframework.web.filter.FormContentFilter.doFilterInternal(FormContentFilter.java:93)
	at org.springframework.web.filter.OncePerRequestFilter.doFilter(OncePerRequestFilter.java:117)
	at org.apache.catalina.core.ApplicationFilterChain.internalDoFilter(ApplicationFilterChain.java:189)
	at org.apache.catalina.core.ApplicationFilterChain.doFilter(ApplicationFilterChain.java:162)
	at org.springframework.web.filter.CharacterEncodingFilter.doFilterInternal(CharacterEncodingFilter.java:201)
	at org.springframework.web.filter.OncePerRequestFilter.doFilter(OncePerRequestFilter.java:117)
	at org.apache.catalina.core.ApplicationFilterChain.internalDoFilter(ApplicationFilterChain.java:189)
	at org.apache.catalina.core.ApplicationFilterChain.doFilter(ApplicationFilterChain.java:162)
	at org.apache.catalina.core.StandardWrapperValve.invoke(StandardWrapperValve.java:197)
	at org.apache.catalina.core.StandardContextValve.invoke(StandardContextValve.java:97)
	at org.apache.catalina.authenticator.AuthenticatorBase.invoke(AuthenticatorBase.java:541)
	at org.apache.catalina.core.StandardHostValve.invoke(StandardHostValve.java:135)
	at org.apache.catalina.valves.ErrorReportValve.invoke(ErrorReportValve.java:92)
	at org.apache.catalina.core.StandardEngineValve.invoke(StandardEngineValve.java:78)
	at org.apache.catalina.connector.CoyoteAdapter.service(CoyoteAdapter.java:360)
	at org.apache.coyote.http11.Http11Processor.service(Http11Processor.java:399)
	at org.apache.coyote.AbstractProcessorLight.process(AbstractProcessorLight.java:65)
	at org.apache.coyote.AbstractProtocol$ConnectionHandler.process(AbstractProtocol.java:890)
	at org.apache.tomcat.util.net.NioEndpoint$SocketProcessor.doRun(NioEndpoint.java:1743)
	at org.apache.tomcat.util.net.SocketProcessorBase.run(SocketProcessorBase.java:49)
	at org.apache.tomcat.util.threads.ThreadPoolExecutor.runWorker(ThreadPoolExecutor.java:1191)
	at org.apache.tomcat.util.threads.ThreadPoolExecutor$Worker.run(ThreadPoolExecutor.java:659)
	at org.apache.tomcat.util.threads.TaskThread$WrappingRunnable.run(TaskThread.java:61)
	at java.lang.Thread.run(Thread.java:745)
